{"name": "Signup to touchtight with valid parameters", "status": "broken", "statusDetails": {"message": "selenium.common.exceptions.NoSuchElementException: Message: no such element: Unable to locate element: {\"method\":\"css selector\",\"selector\":\"[id=\"mui-19\"]\"}\n  (Session info: chrome=130.0.6723.59); For documentation on this error, please visit: https://www.selenium.dev/documentation/webdriver/troubleshooting/errors#no-such-element-exception\nStacktrace:\n0   chromedriver                        0x000000010574af68 chromedriver + 7110504\n1   chromedriver                        0x0000000105742f6a chromedriver + 7077738\n2   chromedriver                        0x00000001050e40f0 chromedriver + 397552\n3   chromedriver                        0x0000000105130383 chromedriver + 709507\n4   chromedriver                        0x0000000105130681 chromedriver + 710273\n5   chromedriver                        0x0000000105175e14 chromedriver + 994836\n6   chromedriver                        0x000000010515493d chromedriver + 858429\n7   chromedriver                        0x0000000105173234 chromedriver + 983604\n8   chromedriver                        0x00000001051546b3 chromedriver + 857779\n9   chromedriver                        0x0000000105123182 chromedriver + 655746\n10  chromedriver                        0x000000010512415e chromedriver + 659806\n11  chromedriver                        0x00000001057103b0 chromedriver + 6869936\n12  chromedriver                        0x00000001057142e4 chromedriver + 6886116\n13  chromedriver                        0x00000001056f29b7 chromedriver + 6748599\n14  chromedriver                        0x0000000105714d6e chromedriver + 6888814\n15  chromedriver                        0x00000001056e1c84 chromedriver + 6679684\n16  chromedriver                        0x0000000105731838 chromedriver + 7006264\n17  chromedriver                        0x00000001057319f6 chromedriver + 7006710\n18  chromedriver                        0x0000000105742b78 chromedriver + 7076728\n19  libsystem_pthread.dylib             0x00007ff80e2554e1 _pthread_start + 125\n20  libsystem_pthread.dylib             0x00007ff80e250f6b thread_start + 15\n\n", "trace": "  File \"/Library/Frameworks/Python.framework/Versions/3.11/lib/python3.11/site-packages/behave/model.py\", line 1329, in run\n    match.run(runner.context)\n  File \"/Library/Frameworks/Python.framework/Versions/3.11/lib/python3.11/site-packages/behave/matchers.py\", line 98, in run\n    self.func(context, *args, **kwargs)\n  File \"feature/steps/Signupsteps.py\", line 29, in email_input\n    context.driver.find_element(By.ID, \"mui-19\").send_keys(email)\n    ^^^^^^^^^^^^^^^^^^^^^^^^^^^^^^^^^^^^^^^^^^^^\n  File \"/Library/Frameworks/Python.framework/Versions/3.11/lib/python3.11/site-packages/selenium/webdriver/remote/webdriver.py\", line 739, in find_element\n    return self.execute(Command.FIND_ELEMENT, {\"using\": by, \"value\": value})[\"value\"]\n           ^^^^^^^^^^^^^^^^^^^^^^^^^^^^^^^^^^^^^^^^^^^^^^^^^^^^^^^^^^^^^^^^^\n  File \"/Library/Frameworks/Python.framework/Versions/3.11/lib/python3.11/site-packages/selenium/webdriver/remote/webdriver.py\", line 345, in execute\n    self.error_handler.check_response(response)\n  File \"/Library/Frameworks/Python.framework/Versions/3.11/lib/python3.11/site-packages/selenium/webdriver/remote/errorhandler.py\", line 229, in check_response\n    raise exception_class(message, screen, stacktrace)\n"}, "steps": [{"name": "Given I open chrome browser", "status": "passed", "start": 1729768103751, "stop": 1729768105459}, {"name": "When I open touchtight Signup page", "status": "passed", "start": 1729768105459, "stop": 1729768120846}, {"name": "And Enter firstname \"testns\" and lastname \"qa043\"", "status": "passed", "start": 1729768120847, "stop": 1729768131340}, {"name": "And Enter email \"testns0222+043@gmail.com\"", "status": "broken", "statusDetails": {"message": "selenium.common.exceptions.NoSuchElementException: Message: no such element: Unable to locate element: {\"method\":\"css selector\",\"selector\":\"[id=\"mui-19\"]\"}\n  (Session info: chrome=130.0.6723.59); For documentation on this error, please visit: https://www.selenium.dev/documentation/webdriver/troubleshooting/errors#no-such-element-exception\nStacktrace:\n0   chromedriver                        0x000000010574af68 chromedriver + 7110504\n1   chromedriver                        0x0000000105742f6a chromedriver + 7077738\n2   chromedriver                        0x00000001050e40f0 chromedriver + 397552\n3   chromedriver                        0x0000000105130383 chromedriver + 709507\n4   chromedriver                        0x0000000105130681 chromedriver + 710273\n5   chromedriver                        0x0000000105175e14 chromedriver + 994836\n6   chromedriver                        0x000000010515493d chromedriver + 858429\n7   chromedriver                        0x0000000105173234 chromedriver + 983604\n8   chromedriver                        0x00000001051546b3 chromedriver + 857779\n9   chromedriver                        0x0000000105123182 chromedriver + 655746\n10  chromedriver                        0x000000010512415e chromedriver + 659806\n11  chromedriver                        0x00000001057103b0 chromedriver + 6869936\n12  chromedriver                        0x00000001057142e4 chromedriver + 6886116\n13  chromedriver                        0x00000001056f29b7 chromedriver + 6748599\n14  chromedriver                        0x0000000105714d6e chromedriver + 6888814\n15  chromedriver                        0x00000001056e1c84 chromedriver + 6679684\n16  chromedriver                        0x0000000105731838 chromedriver + 7006264\n17  chromedriver                        0x00000001057319f6 chromedriver + 7006710\n18  chromedriver                        0x0000000105742b78 chromedriver + 7076728\n19  libsystem_pthread.dylib             0x00007ff80e2554e1 _pthread_start + 125\n20  libsystem_pthread.dylib             0x00007ff80e250f6b thread_start + 15\n\n", "trace": "  File \"/Library/Frameworks/Python.framework/Versions/3.11/lib/python3.11/site-packages/behave/model.py\", line 1329, in run\n    match.run(runner.context)\n  File \"/Library/Frameworks/Python.framework/Versions/3.11/lib/python3.11/site-packages/behave/matchers.py\", line 98, in run\n    self.func(context, *args, **kwargs)\n  File \"feature/steps/Signupsteps.py\", line 29, in email_input\n    context.driver.find_element(By.ID, \"mui-19\").send_keys(email)\n    ^^^^^^^^^^^^^^^^^^^^^^^^^^^^^^^^^^^^^^^^^^^^\n  File \"/Library/Frameworks/Python.framework/Versions/3.11/lib/python3.11/site-packages/selenium/webdriver/remote/webdriver.py\", line 739, in find_element\n    return self.execute(Command.FIND_ELEMENT, {\"using\": by, \"value\": value})[\"value\"]\n           ^^^^^^^^^^^^^^^^^^^^^^^^^^^^^^^^^^^^^^^^^^^^^^^^^^^^^^^^^^^^^^^^^\n  File \"/Library/Frameworks/Python.framework/Versions/3.11/lib/python3.11/site-packages/selenium/webdriver/remote/webdriver.py\", line 345, in execute\n    self.error_handler.check_response(response)\n  File \"/Library/Frameworks/Python.framework/Versions/3.11/lib/python3.11/site-packages/selenium/webdriver/remote/errorhandler.py\", line 229, in check_response\n    raise exception_class(message, screen, stacktrace)\n"}, "start": 1729768131341, "stop": 1729768131357}, {"name": "And Enter password \"P@ss1234\" and confirm password \"P@ss1234\"", "status": "skipped", "start": 1729768131359, "stop": 1729768131359}, {"name": "And Enter application secret key \"TuhcN250YQ#pO%$h&9&@Z4MGVROPCQ#P0B&#2AZ\"", "status": "skipped", "start": 1729768131359, "stop": 1729768131359}, {"name": "And Click Check box", "status": "skipped", "start": 1729768131359, "stop": 1729768131359}, {"name": "And Click Create Account button", "status": "skipped", "start": 1729768131359, "stop": 1729768131359}, {"name": "Then Verify \"Thanks for registering!! Please confirm your email. We have sent a link\", link sent successfully", "status": "skipped", "start": 1729768131359, "stop": 1729768131360}], "start": 1729768103750, "stop": 1729768131360, "uuid": "fa8db913-0acc-40a7-8dac-afcf335515d1", "historyId": "fff10ac88c0ea0b80133b3f9bb89f2d5", "fullName": "Touchtight Signup feature: Signup to touchtight with valid parameters", "labels": [{"name": "severity", "value": "normal"}, {"name": "feature", "value": "Touchtight Signup feature"}, {"name": "framework", "value": "behave"}, {"name": "language", "value": "cpython3"}]}