<testsuite name="signup.Touchtight Signup feature" tests="1" errors="1" failures="0" skipped="0" time="31.407191" timestamp="2025-06-19T17:10:37.961912" hostname="192.168.1.9"><testcase classname="signup.Touchtight Signup feature" name="Signup to touchtight with valid parameters" status="failed" time="31.407191"><error type="TimeoutError" message="[FAILURE] Could not find visible element 'My Library' with any selector">
<![CDATA[
Failing step: Then Verify that user account created successfully ... failed in 20.010s
Location: features/signup.feature:12
Traceback (most recent call last):
  File "/Users/mac/Documents/Python_Projects/learn_python/venv/lib/python3.11/site-packages/behave/model.py", line 1329, in run
    match.run(runner.context)
  File "/Users/mac/Documents/Python_Projects/learn_python/venv/lib/python3.11/site-packages/behave/matchers.py", line 98, in run
    self.func(context, *args, **kwargs)
  File "features/steps/Signupsteps.py", line 62, in verify_acc_creation
    element = self_healing_locator(context.page, verify_login_success, context_name="My Library")
              ^^^^^^^^^^^^^^^^^^^^^^^^^^^^^^^^^^^^^^^^^^^^^^^^^^^^^^^^^^^^^^^^^^^^^^^^^^^^^^^^^^^
  File "/Users/mac/Documents/Python_Projects/touchtight-automation/pages/self_healing.py", line 21, in self_healing_locator
    raise TimeoutError(msg)
playwright._impl._errors.TimeoutError: [FAILURE] Could not find visible element 'My Library' with any selector

Captured stdout:
[SELF-HEALING] Used fallback 'button:has-text('Get Started')' for 'Get Started'

Captured logging:
INFO:root:[SELF-HEALING] Used fallback 'button:has-text('Get Started')' for 'Get Started'
WARNING:root:[FAILURE] Could not find visible element 'My Library' with any selector]]>
</error><system-out>
<![CDATA[
@scenario.begin
  Scenario: Signup to touchtight with valid parameters
    Given I open touchtight app ... passed in 0.000s
    When I open touchtight Signup page ... passed in 10.261s
    And Enter email "testns0222+e24o@gmail.com" ... passed in 0.413s
    And Click get started button ... passed in 0.219s
    And Enter fullname "testns" ... passed in 0.088s
    And Enter password "P@ss1234" ... passed in 0.075s
    And Enter application secret key "TuhcN250YQ#pO%$h&9&@Z4MGVROPCQ#P0B&#2AZ" ... passed in 0.102s
    And Enter club name "new club" ... passed in 0.052s
    And Click Create Account button ... passed in 0.187s
    Then Verify that user account created successfully ... failed in 20.010s

@scenario.end
--------------------------------------------------------------------------------

Captured stdout:
[SELF-HEALING] Used fallback 'button:has-text('Get Started')' for 'Get Started'

]]>
</system-out></testcase></testsuite>