{"name": "Login with valid parameters", "status": "broken", "statusDetails": {"message": "playwright._impl._errors.TimeoutError: [FAILURE] Could not find visible element 'My Library' with any selector\n", "trace": "  File \"/Users/mac/Documents/Python_Projects/learn_python/venv/lib/python3.11/site-packages/behave/model.py\", line 1329, in run\n    match.run(runner.context)\n  File \"/Users/mac/Documents/Python_Projects/learn_python/venv/lib/python3.11/site-packages/behave/matchers.py\", line 98, in run\n    self.func(context, *args, **kwargs)\n  File \"features/steps/loginsteps.py\", line 37, in Verify\n    element = self_healing_locator(context.page, verify_login_success, context_name=\"My Library\")\n              ^^^^^^^^^^^^^^^^^^^^^^^^^^^^^^^^^^^^^^^^^^^^^^^^^^^^^^^^^^^^^^^^^^^^^^^^^^^^^^^^^^^\n  File \"/Users/mac/Documents/Python_Projects/touchtight-automation/pages/self_healing.py\", line 21, in self_healing_locator\n    raise TimeoutError(msg)\n"}, "steps": [{"name": "Given I launch chrome browser", "status": "passed", "start": 1750769317174, "stop": 1750769317174}, {"name": "When I open touchtight login page", "status": "passed", "start": 1750769317174, "stop": 1750769321102}, {"name": "And Enter login email \"testns0222+0290@gmail.com\"", "status": "passed", "start": 1750769321102, "stop": 1750769326345}, {"name": "And Enter login password \"P@ss1234\"", "status": "passed", "start": 1750769326346, "stop": 1750769326375}, {"name": "And Click the login button", "status": "passed", "start": 1750769326375, "stop": 1750769326479}, {"name": "Then User must successfully login to the touchtight", "status": "broken", "statusDetails": {"message": "playwright._impl._errors.TimeoutError: [FAILURE] Could not find visible element 'My Library' with any selector\n", "trace": "  File \"/Users/mac/Documents/Python_Projects/learn_python/venv/lib/python3.11/site-packages/behave/model.py\", line 1329, in run\n    match.run(runner.context)\n  File \"/Users/mac/Documents/Python_Projects/learn_python/venv/lib/python3.11/site-packages/behave/matchers.py\", line 98, in run\n    self.func(context, *args, **kwargs)\n  File \"features/steps/loginsteps.py\", line 37, in Verify\n    element = self_healing_locator(context.page, verify_login_success, context_name=\"My Library\")\n              ^^^^^^^^^^^^^^^^^^^^^^^^^^^^^^^^^^^^^^^^^^^^^^^^^^^^^^^^^^^^^^^^^^^^^^^^^^^^^^^^^^^\n  File \"/Users/mac/Documents/Python_Projects/touchtight-automation/pages/self_healing.py\", line 21, in self_healing_locator\n    raise TimeoutError(msg)\n"}, "start": 1750769326480, "stop": 1750769346488}], "start": 1750769290031, "stop": 1750769346509, "uuid": "b3a838fa-c5a9-465e-95ff-a7816090e074", "historyId": "517b6dd9f3a7e87ccfe25a31192b01fe", "fullName": "Test Login/Logout Functionality: Login with valid parameters", "labels": [{"name": "severity", "value": "normal"}, {"name": "feature", "value": "Test Login/Logout Functionality"}, {"name": "framework", "value": "behave"}, {"name": "language", "value": "cpython3"}]}